2026-01-28 20:12:01,832-INFO-Data is loaded successfuly
2026-01-28 20:13:14,041-INFO-Data is loaded successfuly
2026-01-28 20:13:15,091-INFO-Data is loaded successfuly
2026-01-28 20:27:02,046-INFO-Data is loaded successfuly
2026-01-28 20:30:37,878-INFO-Data is loaded successfuly
2026-01-28 20:36:52,179-INFO-Data Analysis boshlandi
2026-01-28 20:38:16,951-INFO-Data Analysis boshlandi
2026-01-28 20:39:32,005-INFO-Data Analysis boshlandi
2026-01-28 20:39:35,750-INFO-Data is loaded successfuly
2026-01-28 20:43:10,283-INFO-Data Analysis boshlandi
2026-01-28 20:44:58,750-INFO-Visualization of Fatigue Distribution is done
2026-01-28 20:45:34,574-INFO-Visualization of Fatigue Distribution is done
2026-01-28 20:47:48,861-INFO-Visualizaton of Fatigue level counts is DONE
2026-01-28 20:50:28,536-INFO-Visualization of Hours awake vs fatigue is DONE
2026-01-28 20:52:19,825-INFO-Visualization of Sleep vs fatigue is DONE
2026-01-28 20:53:56,124-INFO-Visualization of Stress vs error rate is DONE
2026-01-28 20:57:03,765-INFO-Heatmap is DONE to find correlation
2026-01-28 21:18:17,798-INFO-Data Analysis boshlandi
2026-01-28 21:18:18,453-INFO-Data is loaded successfuly
2026-01-28 21:22:36,887-INFO-Data Analysis boshlandi
2026-01-28 21:22:36,915-INFO-Data is loaded successfuly
2026-01-28 21:22:57,443-INFO-Data Analysis boshlandi
2026-01-28 21:22:58,648-INFO-Data is loaded successfuly
2026-01-28 21:23:31,421-INFO-Visualization of Fatigue Distribution is done
2026-01-28 21:23:34,380-INFO-Visualizaton of Fatigue level counts is DONE
2026-01-28 21:23:34,381-ERROR-Visualization of Hours awake vs fatigue is DONE: name 'df' is not defined
2026-01-28 21:23:36,020-INFO-Visualization of Sleep vs fatigue is DONE
2026-01-28 21:23:38,549-INFO-Visualization of Stress vs error rate is DONE
2026-01-28 21:29:34,389-INFO-Visualization of Fatigue Distribution is done
2026-01-28 21:29:36,395-INFO-Visualizaton of Fatigue level counts is DONE
2026-01-28 21:29:36,395-ERROR-Visualization of Hours awake vs fatigue is DONE: name 'df' is not defined
2026-01-28 21:29:37,266-INFO-Visualization of Sleep vs fatigue is DONE
2026-01-28 21:29:37,964-INFO-Visualization of Stress vs error rate is DONE
2026-01-28 21:29:39,311-INFO-Visualization of Fatigue Distribution is done
2026-01-28 21:29:39,810-INFO-Data Analysis boshlandi
2026-01-28 21:29:39,847-INFO-Data is loaded successfuly
2026-01-28 21:29:43,385-INFO-Visualization of Fatigue Distribution is done
2026-01-28 21:29:45,675-INFO-Visualizaton of Fatigue level counts is DONE
2026-01-28 21:29:45,676-ERROR-Visualization of Hours awake vs fatigue is DONE: name 'df' is not defined
2026-01-28 21:29:47,080-INFO-Visualization of Sleep vs fatigue is DONE
2026-01-28 21:29:48,278-INFO-Visualization of Stress vs error rate is DONE
2026-01-28 21:29:48,315-INFO-Data is loaded successfuly
2026-01-28 21:29:49,630-INFO-Visualization of Fatigue Distribution is done
2026-01-28 21:29:51,547-INFO-Visualizaton of Fatigue level counts is DONE
2026-01-28 21:29:51,547-ERROR-Visualization of Hours awake vs fatigue is DONE: name 'df' is not defined
2026-01-28 21:29:53,227-INFO-Visualization of Sleep vs fatigue is DONE
2026-01-28 21:29:54,675-INFO-Visualization of Stress vs error rate is DONE
2026-01-28 21:29:59,383-INFO-Visualization of Fatigue Distribution is done
2026-01-28 21:29:59,384-INFO-Visualizaton of Fatigue level counts is DONE
2026-01-28 21:30:02,502-INFO-Visualizaton of Fatigue level counts is DONE
2026-01-28 21:30:02,502-ERROR-Visualization of Hours awake vs fatigue is DONE: name 'df' is not defined
2026-01-28 21:30:03,915-INFO-Visualization of Sleep vs fatigue is DONE
2026-01-28 21:30:05,451-INFO-Visualization of Stress vs error rate is DONE
2026-01-28 21:30:05,485-INFO-Data is loaded successfuly
2026-01-28 21:30:06,730-INFO-Visualization of Fatigue Distribution is done
2026-01-28 21:30:08,285-INFO-Visualizaton of Fatigue level counts is DONE
2026-01-28 21:30:08,285-ERROR-Visualization of Hours awake vs fatigue is DONE: name 'df' is not defined
2026-01-28 21:30:09,459-INFO-Visualization of Sleep vs fatigue is DONE
2026-01-28 21:30:10,697-INFO-Visualization of Stress vs error rate is DONE
2026-01-28 21:30:10,729-INFO-Data is loaded successfuly
2026-01-28 21:30:12,228-INFO-Visualization of Fatigue Distribution is done
2026-01-28 21:30:13,580-INFO-Visualizaton of Fatigue level counts is DONE
2026-01-28 21:30:13,580-ERROR-Visualization of Hours awake vs fatigue is DONE: name 'df' is not defined
2026-01-28 21:30:14,964-INFO-Visualization of Sleep vs fatigue is DONE
2026-01-28 21:30:16,383-INFO-Visualization of Stress vs error rate is DONE
2026-01-28 21:30:17,733-INFO-Visualization of Hours awake vs fatigue is DONE
2026-01-28 21:30:19,147-INFO-Visualization of Sleep vs fatigue is DONE
2026-01-28 21:30:20,732-INFO-Visualization of Stress vs error rate is DONE
2026-01-28 21:30:29,651-INFO-Data Analysis boshlandi
2026-01-28 21:30:29,674-INFO-Data is loaded successfuly
2026-01-28 21:30:32,105-INFO-Visualization of Fatigue Distribution is done
2026-01-28 21:30:33,634-INFO-Visualizaton of Fatigue level counts is DONE
2026-01-28 21:30:34,988-INFO-Visualization of Hours awake vs fatigue is DONE
2026-01-28 21:30:36,285-INFO-Visualization of Sleep vs fatigue is DONE
2026-01-28 21:30:38,186-INFO-Visualization of Stress vs error rate is DONE
2026-01-28 21:35:43,034-INFO-Data Analysis boshlandi
2026-01-28 21:35:43,059-INFO-Data is loaded successfuly
2026-01-28 21:35:47,718-INFO-Visualization of Fatigue Distribution is done
2026-01-28 21:35:49,375-INFO-Visualizaton of Fatigue level counts is DONE
2026-01-28 21:35:50,920-INFO-Visualization of Hours awake vs fatigue is DONE
2026-01-28 21:35:52,182-INFO-Visualization of Sleep vs fatigue is DONE
2026-01-28 21:35:53,426-INFO-Visualization of Stress vs error rate is DONE
2026-01-28 21:35:54,666-INFO-Heatmap is DONE to find correlation
2026-01-29 00:49:34,849-INFO-Data is loaded successfuly
2026-01-29 00:51:34,668-INFO-Data is loaded successfuly
2026-01-29 00:56:36,922-INFO-Data is loaded successfuly
2026-01-29 03:13:52,373-INFO-Data is loaded successfuly
2026-01-29 03:35:07,296-INFO-Data is loaded successfuly
2026-01-29 16:02:51,529-INFO-Data is loaded successfuly
2026-01-29 16:06:23,667-INFO-Data is loaded successfuly
2026-01-29 16:10:43,843-INFO-Data is loaded successfuly
2026-01-29 16:18:41,142-INFO-Data is loaded successfuly
2026-01-29 16:19:21,413-INFO-Data is loaded successfuly
2026-01-29 16:20:41,309-INFO-Data is loaded successfuly
2026-01-29 16:21:06,425-INFO-Data is loaded successfuly
2026-01-29 16:22:14,888-INFO-Data is loaded successfuly
2026-01-29 16:23:10,751-INFO-Data is loaded successfuly
2026-01-29 16:51:19,470-INFO-Data is loaded successfuly
2026-01-29 16:56:06,821-INFO-Data is loaded successfuly
2026-01-29 16:59:31,476-INFO-Data is loaded successfuly
2026-01-29 17:00:07,450-INFO-Data is loaded successfuly
2026-01-29 17:52:53,387-INFO-Data Loading Started
2026-01-29 17:52:53,387-INFO-Data Loading Started
2026-01-29 17:55:28,095-INFO-Data is loaded successfuly
2026-01-29 17:56:57,545-INFO-Data is loaded successfuly
2026-01-29 17:58:19,734-INFO-Data is loaded successfuly
2026-01-29 17:59:02,309-INFO-Data is loaded successfuly
2026-01-29 17:59:46,713-INFO-Data is loaded successfuly
2026-01-29 18:00:43,702-INFO-Data is loaded successfuly
2026-01-29 18:02:24,061-INFO-Data is loaded successfuly
2026-01-29 18:03:50,469-INFO-Data is loaded successfuly
2026-01-29 18:06:03,161-INFO-Data is loaded successfuly
2026-01-29 18:09:03,702-INFO-Data is loaded successfuly
2026-01-29 18:09:38,718-INFO-Data is loaded successfuly
2026-01-29 18:12:00,598-INFO-Data is loaded successfuly
2026-01-29 18:12:47,999-INFO-Data is loaded successfuly
2026-01-29 18:24:36,838-INFO-Data is loaded successfuly
2026-01-29 18:33:42,860-INFO-Data is loaded successfuly
2026-01-29 18:34:12,545-INFO-Data is loaded successfuly
2026-01-29 18:38:00,996-INFO-Data is loaded successfuly
2026-01-29 18:38:54,559-INFO-Data is loaded successfuly
2026-01-29 18:41:16,814-INFO-Data is loaded successfuly
2026-01-29 18:45:27,360-INFO-Data is loaded successfuly
2026-01-29 18:46:17,497-INFO-Data is loaded successfuly
