2026-01-31 00:19:45,259-INFO-Model Training has Started
2026-01-31 00:28:56,775-INFO-Model Training has Started
2026-01-31 00:32:55,662-INFO-Model Training has Started
2026-01-31 00:33:15,592-INFO-Model Training has Started
2026-01-31 00:33:22,187-INFO-Model Training has Started
2026-01-31 00:33:22,286-INFO-Model is trained with DecisionTreeClassifier(random_state=42)
2026-01-31 00:33:23,695-INFO-Model is trained with RandomForestClassifier(random_state=42)
2026-01-31 00:33:24,179-INFO-Model is trained with XGBClassifier(base_score=None, booster=None, callbacks=None,
              colsample_bylevel=None, colsample_bynode=None,
              colsample_bytree=None, device=None, early_stopping_rounds=None,
              enable_categorical=False, eval_metric=None, feature_types=None,
              feature_weights=None, gamma=None, grow_policy=None,
              importance_type=None, interaction_constraints=None,
              learning_rate=None, max_bin=None, max_cat_threshold=None,
              max_cat_to_onehot=None, max_delta_step=None, max_depth=None,
              max_leaves=None, min_child_weight=None, missing=nan,
              monotone_constraints=None, multi_strategy=None, n_estimators=None,
              n_jobs=None, num_parallel_tree=None, ...)
2026-01-31 00:33:24,181-ERROR-XGBClassifier(base_score=None, booster=None, callbacks=None,
              colsample_bylevel=None, colsample_bynode=None,
              colsample_bytree=None, device=None, early_stopping_rounds=None,
              enable_categorical=False, eval_metric=None, feature_types=None,
              feature_weights=None, gamma=None, grow_policy=None,
              importance_type=None, interaction_constraints=None,
              learning_rate=None, max_bin=None, max_cat_threshold=None,
              max_cat_to_onehot=None, max_delta_step=None, max_depth=None,
              max_leaves=None, min_child_weight=None, missing=nan,
              monotone_constraints=None, multi_strategy=None, n_estimators=None,
              n_jobs=None, num_parallel_tree=None, ...) is NOT SAVED: [Errno 2] No such file or directory: 'C:\\Fatigue_Level\\Models\\All_models\\XGBClassifier(base_score=None, booster=None, callbacks=None,\n              colsample_bylevel=None, colsample_bynode=None,\n              colsample_bytree=None, device=None, early_stopping_rounds=None,\n              enable_categorical=False, eval_metric=None, feature_types=None,\n              feature_weights=None, gamma=None, grow_policy=None,\n              importance_type=None, interaction_constraints=None,\n              learning_rate=None, max_bin=None, max_cat_threshold=None,\n              max_cat_to_onehot=None, max_delta_step=None, max_depth=None,\n              max_leaves=None, min_child_weight=None, missing=nan,\n              monotone_constraints=None, multi_strategy=None, n_estimators=None,\n              n_jobs=None, num_parallel_tree=None, ...).joblib'
2026-01-31 00:48:15,948-INFO-Model Training has Started
2026-01-31 00:48:16,043-INFO-Model is trained with DecisionTreeClassifier(random_state=42)
2026-01-31 00:48:17,408-INFO-Model is trained with RandomForestClassifier(random_state=42)
2026-01-31 00:48:17,796-INFO-Model is trained with XGBClassifier(base_score=None, booster=None, callbacks=None,
              colsample_bylevel=None, colsample_bynode=None,
              colsample_bytree=None, device=None, early_stopping_rounds=None,
              enable_categorical=False, eval_metric=None, feature_types=None,
              feature_weights=None, gamma=None, grow_policy=None,
              importance_type=None, interaction_constraints=None,
              learning_rate=None, max_bin=None, max_cat_threshold=None,
              max_cat_to_onehot=None, max_delta_step=None, max_depth=None,
              max_leaves=None, min_child_weight=None, missing=nan,
              monotone_constraints=None, multi_strategy=None, n_estimators=None,
              n_jobs=None, num_parallel_tree=None, ...)
2026-01-31 00:48:17,797-ERROR-XGBClassifier(base_score=None, booster=None, callbacks=None,
              colsample_bylevel=None, colsample_bynode=None,
              colsample_bytree=None, device=None, early_stopping_rounds=None,
              enable_categorical=False, eval_metric=None, feature_types=None,
              feature_weights=None, gamma=None, grow_policy=None,
              importance_type=None, interaction_constraints=None,
              learning_rate=None, max_bin=None, max_cat_threshold=None,
              max_cat_to_onehot=None, max_delta_step=None, max_depth=None,
              max_leaves=None, min_child_weight=None, missing=nan,
              monotone_constraints=None, multi_strategy=None, n_estimators=None,
              n_jobs=None, num_parallel_tree=None, ...) is NOT SAVED: [Errno 2] No such file or directory: 'C:\\Fatigue_Level\\Models\\All_models\\XGBClassifier(base_score=None, booster=None, callbacks=None,\n              colsample_bylevel=None, colsample_bynode=None,\n              colsample_bytree=None, device=None, early_stopping_rounds=None,\n              enable_categorical=False, eval_metric=None, feature_types=None,\n              feature_weights=None, gamma=None, grow_policy=None,\n              importance_type=None, interaction_constraints=None,\n              learning_rate=None, max_bin=None, max_cat_threshold=None,\n              max_cat_to_onehot=None, max_delta_step=None, max_depth=None,\n              max_leaves=None, min_child_weight=None, missing=nan,\n              monotone_constraints=None, multi_strategy=None, n_estimators=None,\n              n_jobs=None, num_parallel_tree=None, ...).joblib'
2026-01-31 00:58:22,777-INFO-Model Training has Started
2026-01-31 00:58:22,870-INFO-Model is trained with DecisionTreeClassifier(random_state=42)
2026-01-31 00:58:24,198-INFO-Model is trained with RandomForestClassifier(random_state=42)
2026-01-31 00:58:24,603-INFO-Model is trained with XGBClassifier(base_score=None, booster=None, callbacks=None,
              colsample_bylevel=None, colsample_bynode=None,
              colsample_bytree=None, device=None, early_stopping_rounds=None,
              enable_categorical=False, eval_metric=None, feature_types=None,
              feature_weights=None, gamma=None, grow_policy=None,
              importance_type=None, interaction_constraints=None,
              learning_rate=None, max_bin=None, max_cat_threshold=None,
              max_cat_to_onehot=None, max_delta_step=None, max_depth=None,
              max_leaves=None, min_child_weight=None, missing=nan,
              monotone_constraints=None, multi_strategy=None, n_estimators=None,
              n_jobs=None, num_parallel_tree=None, ...)
2026-01-31 00:58:24,605-ERROR-XGBClassifier(base_score=None, booster=None, callbacks=None,
              colsample_bylevel=None, colsample_bynode=None,
              colsample_bytree=None, device=None, early_stopping_rounds=None,
              enable_categorical=False, eval_metric=None, feature_types=None,
              feature_weights=None, gamma=None, grow_policy=None,
              importance_type=None, interaction_constraints=None,
              learning_rate=None, max_bin=None, max_cat_threshold=None,
              max_cat_to_onehot=None, max_delta_step=None, max_depth=None,
              max_leaves=None, min_child_weight=None, missing=nan,
              monotone_constraints=None, multi_strategy=None, n_estimators=None,
              n_jobs=None, num_parallel_tree=None, ...) is NOT SAVED: [Errno 2] No such file or directory: 'C:\\Fatigue_Level\\Models\\All_models\\XGBClassifier(base_score=None, booster=None, callbacks=None,\n              colsample_bylevel=None, colsample_bynode=None,\n              colsample_bytree=None, device=None, early_stopping_rounds=None,\n              enable_categorical=False, eval_metric=None, feature_types=None,\n              feature_weights=None, gamma=None, grow_policy=None,\n              importance_type=None, interaction_constraints=None,\n              learning_rate=None, max_bin=None, max_cat_threshold=None,\n              max_cat_to_onehot=None, max_delta_step=None, max_depth=None,\n              max_leaves=None, min_child_weight=None, missing=nan,\n              monotone_constraints=None, multi_strategy=None, n_estimators=None,\n              n_jobs=None, num_parallel_tree=None, ...).joblib'
2026-01-31 00:59:04,113-INFO-Model Training has Started
2026-01-31 00:59:04,221-INFO-Model is trained with DecisionTreeClassifier(random_state=42)
2026-01-31 00:59:05,707-INFO-Model is trained with RandomForestClassifier(random_state=42)
2026-01-31 00:59:06,101-INFO-Model is trained with XGBClassifier(base_score=None, booster=None, callbacks=None,
              colsample_bylevel=None, colsample_bynode=None,
              colsample_bytree=None, device=None, early_stopping_rounds=None,
              enable_categorical=False, eval_metric=None, feature_types=None,
              feature_weights=None, gamma=None, grow_policy=None,
              importance_type=None, interaction_constraints=None,
              learning_rate=None, max_bin=None, max_cat_threshold=None,
              max_cat_to_onehot=None, max_delta_step=None, max_depth=None,
              max_leaves=None, min_child_weight=None, missing=nan,
              monotone_constraints=None, multi_strategy=None, n_estimators=None,
              n_jobs=None, num_parallel_tree=None, ...)
2026-01-31 00:59:06,103-ERROR-XGBClassifier(base_score=None, booster=None, callbacks=None,
              colsample_bylevel=None, colsample_bynode=None,
              colsample_bytree=None, device=None, early_stopping_rounds=None,
              enable_categorical=False, eval_metric=None, feature_types=None,
              feature_weights=None, gamma=None, grow_policy=None,
              importance_type=None, interaction_constraints=None,
              learning_rate=None, max_bin=None, max_cat_threshold=None,
              max_cat_to_onehot=None, max_delta_step=None, max_depth=None,
              max_leaves=None, min_child_weight=None, missing=nan,
              monotone_constraints=None, multi_strategy=None, n_estimators=None,
              n_jobs=None, num_parallel_tree=None, ...) is NOT SAVED: [Errno 2] No such file or directory: 'C:\\Fatigue_Level\\Models\\All_models\\XGBClassifier(base_score=None, booster=None, callbacks=None,\n              colsample_bylevel=None, colsample_bynode=None,\n              colsample_bytree=None, device=None, early_stopping_rounds=None,\n              enable_categorical=False, eval_metric=None, feature_types=None,\n              feature_weights=None, gamma=None, grow_policy=None,\n              importance_type=None, interaction_constraints=None,\n              learning_rate=None, max_bin=None, max_cat_threshold=None,\n              max_cat_to_onehot=None, max_delta_step=None, max_depth=None,\n              max_leaves=None, min_child_weight=None, missing=nan,\n              monotone_constraints=None, multi_strategy=None, n_estimators=None,\n              n_jobs=None, num_parallel_tree=None, ...).joblib'
2026-01-31 01:21:45,098-INFO-Model Training has Started
2026-01-31 01:21:51,165-INFO-Model Training has Started
2026-01-31 01:21:51,268-INFO-Model is trained with DecisionTreeClassifier(random_state=42)
2026-01-31 01:21:52,695-INFO-Model is trained with RandomForestClassifier(random_state=42)
2026-01-31 01:21:53,091-INFO-Model is trained with XGBClassifier(base_score=None, booster=None, callbacks=None,
              colsample_bylevel=None, colsample_bynode=None,
              colsample_bytree=None, device=None, early_stopping_rounds=None,
              enable_categorical=False, eval_metric=None, feature_types=None,
              feature_weights=None, gamma=None, grow_policy=None,
              importance_type=None, interaction_constraints=None,
              learning_rate=None, max_bin=None, max_cat_threshold=None,
              max_cat_to_onehot=None, max_delta_step=None, max_depth=None,
              max_leaves=None, min_child_weight=None, missing=nan,
              monotone_constraints=None, multi_strategy=None, n_estimators=None,
              n_jobs=None, num_parallel_tree=None, ...)
2026-01-31 01:21:53,092-ERROR-XGBClassifier(base_score=None, booster=None, callbacks=None,
              colsample_bylevel=None, colsample_bynode=None,
              colsample_bytree=None, device=None, early_stopping_rounds=None,
              enable_categorical=False, eval_metric=None, feature_types=None,
              feature_weights=None, gamma=None, grow_policy=None,
              importance_type=None, interaction_constraints=None,
              learning_rate=None, max_bin=None, max_cat_threshold=None,
              max_cat_to_onehot=None, max_delta_step=None, max_depth=None,
              max_leaves=None, min_child_weight=None, missing=nan,
              monotone_constraints=None, multi_strategy=None, n_estimators=None,
              n_jobs=None, num_parallel_tree=None, ...) is NOT SAVED: [Errno 2] No such file or directory: 'C:\\Fatigue_Level\\Models\\All_models\\XGBClassifier(base_score=None, booster=None, callbacks=None,\n              colsample_bylevel=None, colsample_bynode=None,\n              colsample_bytree=None, device=None, early_stopping_rounds=None,\n              enable_categorical=False, eval_metric=None, feature_types=None,\n              feature_weights=None, gamma=None, grow_policy=None,\n              importance_type=None, interaction_constraints=None,\n              learning_rate=None, max_bin=None, max_cat_threshold=None,\n              max_cat_to_onehot=None, max_delta_step=None, max_depth=None,\n              max_leaves=None, min_child_weight=None, missing=nan,\n              monotone_constraints=None, multi_strategy=None, n_estimators=None,\n              n_jobs=None, num_parallel_tree=None, ...).joblib'
2026-01-31 01:22:47,685-INFO-Model Training has Started
2026-01-31 01:22:52,414-INFO-Model Training has Started
2026-01-31 01:23:01,262-INFO-Model Training has Started
2026-01-31 01:23:01,360-INFO-Model is trained with DecisionTreeClassifier(random_state=42)
2026-01-31 01:23:02,854-INFO-Model is trained with RandomForestClassifier(random_state=42)
2026-01-31 01:23:03,258-INFO-Model is trained with XGBClassifier(base_score=None, booster=None, callbacks=None,
              colsample_bylevel=None, colsample_bynode=None,
              colsample_bytree=None, device=None, early_stopping_rounds=None,
              enable_categorical=False, eval_metric=None, feature_types=None,
              feature_weights=None, gamma=None, grow_policy=None,
              importance_type=None, interaction_constraints=None,
              learning_rate=None, max_bin=None, max_cat_threshold=None,
              max_cat_to_onehot=None, max_delta_step=None, max_depth=None,
              max_leaves=None, min_child_weight=None, missing=nan,
              monotone_constraints=None, multi_strategy=None, n_estimators=None,
              n_jobs=None, num_parallel_tree=None, ...)
2026-01-31 01:23:03,259-ERROR-XGBClassifier(base_score=None, booster=None, callbacks=None,
              colsample_bylevel=None, colsample_bynode=None,
              colsample_bytree=None, device=None, early_stopping_rounds=None,
              enable_categorical=False, eval_metric=None, feature_types=None,
              feature_weights=None, gamma=None, grow_policy=None,
              importance_type=None, interaction_constraints=None,
              learning_rate=None, max_bin=None, max_cat_threshold=None,
              max_cat_to_onehot=None, max_delta_step=None, max_depth=None,
              max_leaves=None, min_child_weight=None, missing=nan,
              monotone_constraints=None, multi_strategy=None, n_estimators=None,
              n_jobs=None, num_parallel_tree=None, ...) is NOT SAVED: [Errno 2] No such file or directory: 'C:\\Fatigue_Level\\Models\\All_models\\XGBClassifier(base_score=None, booster=None, callbacks=None,\n              colsample_bylevel=None, colsample_bynode=None,\n              colsample_bytree=None, device=None, early_stopping_rounds=None,\n              enable_categorical=False, eval_metric=None, feature_types=None,\n              feature_weights=None, gamma=None, grow_policy=None,\n              importance_type=None, interaction_constraints=None,\n              learning_rate=None, max_bin=None, max_cat_threshold=None,\n              max_cat_to_onehot=None, max_delta_step=None, max_depth=None,\n              max_leaves=None, min_child_weight=None, missing=nan,\n              monotone_constraints=None, multi_strategy=None, n_estimators=None,\n              n_jobs=None, num_parallel_tree=None, ...).joblib'
2026-01-31 01:23:18,532-INFO-Model Training has Started
2026-01-31 01:23:18,629-INFO-Model is trained with DecisionTreeClassifier(random_state=42)
2026-01-31 01:23:20,093-INFO-Model is trained with RandomForestClassifier(random_state=42)
2026-01-31 01:23:20,532-INFO-Model is trained with XGBClassifier(base_score=None, booster=None, callbacks=None,
              colsample_bylevel=None, colsample_bynode=None,
              colsample_bytree=None, device=None, early_stopping_rounds=None,
              enable_categorical=False, eval_metric=None, feature_types=None,
              feature_weights=None, gamma=None, grow_policy=None,
              importance_type=None, interaction_constraints=None,
              learning_rate=None, max_bin=None, max_cat_threshold=None,
              max_cat_to_onehot=None, max_delta_step=None, max_depth=None,
              max_leaves=None, min_child_weight=None, missing=nan,
              monotone_constraints=None, multi_strategy=None, n_estimators=None,
              n_jobs=None, num_parallel_tree=None, ...)
2026-01-31 01:23:20,533-ERROR-XGBClassifier(base_score=None, booster=None, callbacks=None,
              colsample_bylevel=None, colsample_bynode=None,
              colsample_bytree=None, device=None, early_stopping_rounds=None,
              enable_categorical=False, eval_metric=None, feature_types=None,
              feature_weights=None, gamma=None, grow_policy=None,
              importance_type=None, interaction_constraints=None,
              learning_rate=None, max_bin=None, max_cat_threshold=None,
              max_cat_to_onehot=None, max_delta_step=None, max_depth=None,
              max_leaves=None, min_child_weight=None, missing=nan,
              monotone_constraints=None, multi_strategy=None, n_estimators=None,
              n_jobs=None, num_parallel_tree=None, ...) is NOT SAVED: [Errno 2] No such file or directory: 'C:\\Fatigue_Level\\Models\\All_models\\XGBClassifier(base_score=None, booster=None, callbacks=None,\n              colsample_bylevel=None, colsample_bynode=None,\n              colsample_bytree=None, device=None, early_stopping_rounds=None,\n              enable_categorical=False, eval_metric=None, feature_types=None,\n              feature_weights=None, gamma=None, grow_policy=None,\n              importance_type=None, interaction_constraints=None,\n              learning_rate=None, max_bin=None, max_cat_threshold=None,\n              max_cat_to_onehot=None, max_delta_step=None, max_depth=None,\n              max_leaves=None, min_child_weight=None, missing=nan,\n              monotone_constraints=None, multi_strategy=None, n_estimators=None,\n              n_jobs=None, num_parallel_tree=None, ...).joblib'
2026-01-31 01:27:52,640-INFO-Model Training has Started
2026-01-31 01:28:00,534-INFO-Model Training has Started
2026-01-31 01:28:00,620-INFO-Model is trained with DecisionTreeClassifier(random_state=42)
2026-01-31 01:28:01,962-INFO-Model is trained with RandomForestClassifier(random_state=42)
2026-01-31 01:28:02,369-INFO-Model is trained with XGBClassifier(base_score=None, booster=None, callbacks=None,
              colsample_bylevel=None, colsample_bynode=None,
              colsample_bytree=None, device=None, early_stopping_rounds=None,
              enable_categorical=False, eval_metric=None, feature_types=None,
              feature_weights=None, gamma=None, grow_policy=None,
              importance_type=None, interaction_constraints=None,
              learning_rate=None, max_bin=None, max_cat_threshold=None,
              max_cat_to_onehot=None, max_delta_step=None, max_depth=None,
              max_leaves=None, min_child_weight=None, missing=nan,
              monotone_constraints=None, multi_strategy=None, n_estimators=None,
              n_jobs=None, num_parallel_tree=None, ...)
2026-01-31 01:28:02,371-ERROR-XGBClassifier(base_score=None, booster=None, callbacks=None,
              colsample_bylevel=None, colsample_bynode=None,
              colsample_bytree=None, device=None, early_stopping_rounds=None,
              enable_categorical=False, eval_metric=None, feature_types=None,
              feature_weights=None, gamma=None, grow_policy=None,
              importance_type=None, interaction_constraints=None,
              learning_rate=None, max_bin=None, max_cat_threshold=None,
              max_cat_to_onehot=None, max_delta_step=None, max_depth=None,
              max_leaves=None, min_child_weight=None, missing=nan,
              monotone_constraints=None, multi_strategy=None, n_estimators=None,
              n_jobs=None, num_parallel_tree=None, ...) is NOT SAVED: [Errno 2] No such file or directory: 'C:\\Fatigue_Level\\Models\\All_models\\XGBClassifier(base_score=None, booster=None, callbacks=None,\n              colsample_bylevel=None, colsample_bynode=None,\n              colsample_bytree=None, device=None, early_stopping_rounds=None,\n              enable_categorical=False, eval_metric=None, feature_types=None,\n              feature_weights=None, gamma=None, grow_policy=None,\n              importance_type=None, interaction_constraints=None,\n              learning_rate=None, max_bin=None, max_cat_threshold=None,\n              max_cat_to_onehot=None, max_delta_step=None, max_depth=None,\n              max_leaves=None, min_child_weight=None, missing=nan,\n              monotone_constraints=None, multi_strategy=None, n_estimators=None,\n              n_jobs=None, num_parallel_tree=None, ...).joblib'
2026-01-31 01:40:42,335-INFO-Model Training has Started
2026-01-31 01:40:42,423-INFO-Model is trained with DecisionTreeClassifier()
2026-01-31 01:40:43,897-INFO-Model is trained with RandomForestClassifier()
2026-01-31 01:40:44,408-INFO-Model is trained with XGBClassifier(base_score=None, booster=None, callbacks=None,
              colsample_bylevel=None, colsample_bynode=None,
              colsample_bytree=None, device=None, early_stopping_rounds=None,
              enable_categorical=False, eval_metric=None, feature_types=None,
              feature_weights=None, gamma=None, grow_policy=None,
              importance_type=None, interaction_constraints=None,
              learning_rate=None, max_bin=None, max_cat_threshold=None,
              max_cat_to_onehot=None, max_delta_step=None, max_depth=None,
              max_leaves=None, min_child_weight=None, missing=nan,
              monotone_constraints=None, multi_strategy=None, n_estimators=None,
              n_jobs=None, num_parallel_tree=None, ...)
2026-01-31 01:40:44,410-ERROR-XGBClassifier(base_score=None, booster=None, callbacks=None,
              colsample_bylevel=None, colsample_bynode=None,
              colsample_bytree=None, device=None, early_stopping_rounds=None,
              enable_categorical=False, eval_metric=None, feature_types=None,
              feature_weights=None, gamma=None, grow_policy=None,
              importance_type=None, interaction_constraints=None,
              learning_rate=None, max_bin=None, max_cat_threshold=None,
              max_cat_to_onehot=None, max_delta_step=None, max_depth=None,
              max_leaves=None, min_child_weight=None, missing=nan,
              monotone_constraints=None, multi_strategy=None, n_estimators=None,
              n_jobs=None, num_parallel_tree=None, ...) is NOT SAVED: [Errno 2] No such file or directory: 'C:\\Fatigue_Level\\Models\\All_models\\XGBClassifier(base_score=None, booster=None, callbacks=None,\n              colsample_bylevel=None, colsample_bynode=None,\n              colsample_bytree=None, device=None, early_stopping_rounds=None,\n              enable_categorical=False, eval_metric=None, feature_types=None,\n              feature_weights=None, gamma=None, grow_policy=None,\n              importance_type=None, interaction_constraints=None,\n              learning_rate=None, max_bin=None, max_cat_threshold=None,\n              max_cat_to_onehot=None, max_delta_step=None, max_depth=None,\n              max_leaves=None, min_child_weight=None, missing=nan,\n              monotone_constraints=None, multi_strategy=None, n_estimators=None,\n              n_jobs=None, num_parallel_tree=None, ...).joblib'
2026-01-31 01:50:10,832-INFO-Model Training has Started
2026-01-31 01:52:49,221-INFO-Model Training has Started
2026-01-31 01:53:00,095-INFO-Model Training has Started
2026-01-31 01:53:00,117-ERROR-Model is not trained!! ERROR: 'str' object has no attribute 'fit'
2026-01-31 01:53:00,117-ERROR-None is NOT SAVED: cannot access local variable 'model_file' where it is not associated with a value
2026-01-31 01:53:00,117-ERROR-Model is not trained!! ERROR: 'str' object has no attribute 'fit'
2026-01-31 01:53:00,117-ERROR-None is NOT SAVED: cannot access local variable 'model_file' where it is not associated with a value
2026-01-31 01:53:00,117-ERROR-Model is not trained!! ERROR: 'str' object has no attribute 'fit'
2026-01-31 01:53:00,117-ERROR-None is NOT SAVED: cannot access local variable 'model_file' where it is not associated with a value
2026-01-31 01:53:24,100-INFO-Model Training has Started
2026-01-31 01:53:24,132-ERROR-Model is not trained!! ERROR: 'str' object has no attribute 'fit'
2026-01-31 01:53:24,133-ERROR-None is NOT SAVED: cannot access local variable 'model_file' where it is not associated with a value
2026-01-31 01:53:24,133-ERROR-Model is not trained!! ERROR: 'str' object has no attribute 'fit'
2026-01-31 01:53:24,133-ERROR-None is NOT SAVED: cannot access local variable 'model_file' where it is not associated with a value
2026-01-31 01:53:24,133-ERROR-Model is not trained!! ERROR: 'str' object has no attribute 'fit'
2026-01-31 01:53:24,133-ERROR-None is NOT SAVED: cannot access local variable 'model_file' where it is not associated with a value
2026-01-31 01:57:06,691-INFO-Model Training has Started
2026-01-31 01:57:14,608-INFO-Model Training has Started
2026-01-31 01:57:14,708-INFO-Model is trained with DecisionTreeClassifier()
2026-01-31 01:57:14,708-ERROR-DecisionTreeClassifier() is NOT SAVED: cannot access local variable 'model_file' where it is not associated with a value
2026-01-31 01:57:15,988-INFO-Model is trained with RandomForestClassifier()
2026-01-31 01:57:15,988-ERROR-RandomForestClassifier() is NOT SAVED: cannot access local variable 'model_file' where it is not associated with a value
2026-01-31 01:57:16,391-INFO-Model is trained with XGBClassifier(base_score=None, booster=None, callbacks=None,
              colsample_bylevel=None, colsample_bynode=None,
              colsample_bytree=None, device=None, early_stopping_rounds=None,
              enable_categorical=False, eval_metric=None, feature_types=None,
              feature_weights=None, gamma=None, grow_policy=None,
              importance_type=None, interaction_constraints=None,
              learning_rate=None, max_bin=None, max_cat_threshold=None,
              max_cat_to_onehot=None, max_delta_step=None, max_depth=None,
              max_leaves=None, min_child_weight=None, missing=nan,
              monotone_constraints=None, multi_strategy=None, n_estimators=None,
              n_jobs=None, num_parallel_tree=None, ...)
2026-01-31 01:57:16,392-ERROR-XGBClassifier(base_score=None, booster=None, callbacks=None,
              colsample_bylevel=None, colsample_bynode=None,
              colsample_bytree=None, device=None, early_stopping_rounds=None,
              enable_categorical=False, eval_metric=None, feature_types=None,
              feature_weights=None, gamma=None, grow_policy=None,
              importance_type=None, interaction_constraints=None,
              learning_rate=None, max_bin=None, max_cat_threshold=None,
              max_cat_to_onehot=None, max_delta_step=None, max_depth=None,
              max_leaves=None, min_child_weight=None, missing=nan,
              monotone_constraints=None, multi_strategy=None, n_estimators=None,
              n_jobs=None, num_parallel_tree=None, ...) is NOT SAVED: cannot access local variable 'model_file' where it is not associated with a value
2026-01-31 01:59:00,337-INFO-Model Training has Started
2026-01-31 01:59:06,668-INFO-Model Training has Started
2026-01-31 01:59:06,750-INFO-Model is trained with DecisionTreeClassifier()
2026-01-31 01:59:08,105-INFO-Model is trained with RandomForestClassifier()
2026-01-31 01:59:08,592-INFO-Model is trained with XGBClassifier(base_score=None, booster=None, callbacks=None,
              colsample_bylevel=None, colsample_bynode=None,
              colsample_bytree=None, device=None, early_stopping_rounds=None,
              enable_categorical=False, eval_metric=None, feature_types=None,
              feature_weights=None, gamma=None, grow_policy=None,
              importance_type=None, interaction_constraints=None,
              learning_rate=None, max_bin=None, max_cat_threshold=None,
              max_cat_to_onehot=None, max_delta_step=None, max_depth=None,
              max_leaves=None, min_child_weight=None, missing=nan,
              monotone_constraints=None, multi_strategy=None, n_estimators=None,
              n_jobs=None, num_parallel_tree=None, ...)
